ğŸš€ 6G Sentinel started its monthly sweep.

ğŸ¤– Gemini AI Intelligence is ACTIVE. (Model: gemini-3-flash-preview)

ğŸ“¡ Fetching RSS feeds and 3GPP standardization data in parallel...
ğŸ“¡ Fetching 13 RSS feeds in parallel...
{"server": "3gpp-mcp-charging", "event": "attempting_mcp_connection", "timestamp": "2026-01-10T15:58:57.471494Z", "level": "info"}
{"event": "detecting_mcp_server_command", "timestamp": "2026-01-10T15:58:57.471595Z", "level": "info"}
{"npx_available": true, "event": "mcp_command_detection", "timestamp": "2026-01-10T15:58:57.471677Z", "level": "info"}
{"command": "npx", "args": ["3gpp-mcp-charging@latest", "serve"], "event": "starting_mcp_server", "timestamp": "2026-01-10T15:58:57.471727Z", "level": "info"}
{"source": "Ericsson", "url": "https://www.ericsson.com/en/blog/rss", "event": "fetch_started", "timestamp": "2026-01-10T15:58:57.474679Z", "level": "info"}
{"url": "https://www.ericsson.com/en/blog/rss", "event": "trying_httpx", "timestamp": "2026-01-10T15:58:57.474754Z", "level": "info"}
{"source": "Nokia", "url": "https://www.nokia.com/newsroom/feed/en-us/", "event": "fetch_started", "timestamp": "2026-01-10T15:58:57.494540Z", "level": "info"}
{"url": "https://www.nokia.com/newsroom/feed/en-us/", "event": "trying_httpx", "timestamp": "2026-01-10T15:58:57.494608Z", "level": "info"}
{"source": "Thales", "url": "https://www.thalesgroup.com/en/rss.xml", "event": "fetch_started", "timestamp": "2026-01-10T15:58:57.494905Z", "level": "info"}
{"url": "https://www.thalesgroup.com/en/rss.xml", "reason": "cached", "event": "using_playwright", "timestamp": "2026-01-10T15:58:57.494965Z", "level": "info"}
{"source": "MDPI Engineering", "url": "https://www.mdpi.com/rss", "event": "fetch_started", "timestamp": "2026-01-10T15:58:57.495068Z", "level": "info"}
{"url": "https://www.mdpi.com/rss", "event": "trying_httpx", "timestamp": "2026-01-10T15:58:57.495115Z", "level": "info"}
{"source": "IEEE Spectrum", "url": "https://spectrum.ieee.org/feeds/feed.rss", "event": "fetch_started", "timestamp": "2026-01-10T15:58:57.495339Z", "level": "info"}
{"url": "https://spectrum.ieee.org/feeds/feed.rss", "event": "trying_httpx", "timestamp": "2026-01-10T15:58:57.495412Z", "level": "info"}
{"source": "ArXiv CS Networking", "url": "https://export.arxiv.org/rss/cs.NI", "event": "fetch_started", "timestamp": "2026-01-10T15:58:57.495618Z", "level": "info"}
{"url": "https://export.arxiv.org/rss/cs.NI", "event": "trying_httpx", "timestamp": "2026-01-10T15:58:57.495670Z", "level": "info"}
{"source": "Next G Alliance", "url": "https://www.nextgalliance.org/feed/", "event": "fetch_started", "timestamp": "2026-01-10T15:58:57.495934Z", "level": "info"}
{"url": "https://www.nextgalliance.org/feed/", "event": "trying_httpx", "timestamp": "2026-01-10T15:58:57.495993Z", "level": "info"}
{"source": "SNS JU", "url": "https://smart-networks.europa.eu/feed/", "event": "fetch_started", "timestamp": "2026-01-10T15:58:57.496201Z", "level": "info"}
{"url": "https://smart-networks.europa.eu/feed/", "event": "trying_httpx", "timestamp": "2026-01-10T15:58:57.496250Z", "level": "info"}
{"source": "6GWorld", "url": "https://www.6gworld.com/feed/", "event": "fetch_started", "timestamp": "2026-01-10T15:58:57.496443Z", "level": "info"}
{"url": "https://www.6gworld.com/feed/", "event": "trying_httpx", "timestamp": "2026-01-10T15:58:57.496493Z", "level": "info"}
{"source": "RCR Wireless", "url": "https://www.rcrwireless.com/feed", "event": "fetch_started", "timestamp": "2026-01-10T15:58:57.496674Z", "level": "info"}
{"url": "https://www.rcrwireless.com/feed", "event": "trying_httpx", "timestamp": "2026-01-10T15:58:57.496720Z", "level": "info"}
{"source": "Fierce Wireless", "url": "https://www.fiercewireless.com/rss/xml", "event": "fetch_started", "timestamp": "2026-01-10T15:58:57.496937Z", "level": "info"}
{"url": "https://www.fiercewireless.com/rss/xml", "event": "trying_httpx", "timestamp": "2026-01-10T15:58:57.496992Z", "level": "info"}
{"source": "Mobile World Live", "url": "https://www.mobileworldlive.com/feed/", "event": "fetch_started", "timestamp": "2026-01-10T15:58:57.497185Z", "level": "info"}
{"url": "https://www.mobileworldlive.com/feed/", "event": "trying_httpx", "timestamp": "2026-01-10T15:58:57.497478Z", "level": "info"}
{"source": "ZDNet 5G", "url": "https://www.zdnet.com/topic/5g/rss.xml", "event": "fetch_started", "timestamp": "2026-01-10T15:58:57.497678Z", "level": "info"}
{"url": "https://www.zdnet.com/topic/5g/rss.xml", "event": "trying_httpx", "timestamp": "2026-01-10T15:58:57.497729Z", "level": "info"}
{"event": "mcp_streams_connected", "timestamp": "2026-01-10T15:58:57.505407Z", "level": "info"}
{"url": "https://www.mdpi.com/rss", "status_code": 403, "error": "HTTP 403: Forbidden", "event": "httpx_failed_trying_playwright", "timestamp": "2026-01-10T15:58:57.729887Z", "level": "warning"}
{"url": "https://www.ericsson.com/en/blog/rss", "status_code": 403, "error": "HTTP 403: Forbidden", "event": "httpx_failed_trying_playwright", "timestamp": "2026-01-10T15:58:57.746936Z", "level": "warning"}
{"url": "https://export.arxiv.org/rss/cs.NI", "event": "httpx_success", "timestamp": "2026-01-10T15:58:57.778926Z", "level": "info"}
{"source": "ArXiv CS Networking", "event": "feed_empty", "timestamp": "2026-01-10T15:58:57.789607Z", "level": "warning"}
{"url": "https://www.6gworld.com/feed/", "event": "httpx_success", "timestamp": "2026-01-10T15:58:57.906878Z", "level": "info"}
{"source": "6GWorld", "method": "httpx", "entries": 10, "event": "fetch_success", "timestamp": "2026-01-10T15:58:57.961910Z", "level": "info"}
âœ“ 6GWorld: 10 total entries fetched (via httpx)
{"browser_type": "chromium", "event": "playwright_browser_started", "timestamp": "2026-01-10T15:58:58.023334Z", "level": "info"}
{"url": "https://spectrum.ieee.org/feeds/feed.rss", "event": "httpx_success", "timestamp": "2026-01-10T15:58:58.073429Z", "level": "info"}
{"source": "IEEE Spectrum", "method": "httpx", "entries": 30, "event": "fetch_success", "timestamp": "2026-01-10T15:58:58.250751Z", "level": "info"}
âœ“ IEEE Spectrum: 30 total entries fetched (via httpx)
{"url": "https://www.zdnet.com/topic/5g/rss.xml", "event": "httpx_success", "timestamp": "2026-01-10T15:58:58.259356Z", "level": "info"}
{"source": "ZDNet 5G", "method": "httpx", "entries": 20, "event": "fetch_success", "timestamp": "2026-01-10T15:58:58.268787Z", "level": "info"}
âœ“ ZDNet 5G: 20 total entries fetched (via httpx)
{"url": "https://www.thalesgroup.com/en/rss.xml", "event": "playwright_fetch_started", "timestamp": "2026-01-10T15:58:58.273147Z", "level": "info"}
{"url": "https://www.nokia.com/newsroom/feed/en-us/", "event": "httpx_success", "timestamp": "2026-01-10T15:58:58.276941Z", "level": "info"}
{"source": "Nokia", "method": "httpx", "entries": 25, "event": "fetch_success", "timestamp": "2026-01-10T15:58:58.352483Z", "level": "info"}
âœ“ Nokia: 25 total entries fetched (via httpx)
{"url": "https://www.fiercewireless.com/rss/xml", "event": "httpx_success", "timestamp": "2026-01-10T15:58:58.353145Z", "level": "info"}
{"source": "Fierce Wireless", "method": "httpx", "entries": 25, "event": "fetch_success", "timestamp": "2026-01-10T15:58:58.377411Z", "level": "info"}
âœ“ Fierce Wireless: 25 total entries fetched (via httpx)
{"url": "https://www.ericsson.com/en/blog/rss", "event": "playwright_fetch_started", "timestamp": "2026-01-10T15:58:58.377613Z", "level": "info"}
{"url": "https://www.mdpi.com/rss", "event": "playwright_fetch_started", "timestamp": "2026-01-10T15:58:58.382304Z", "level": "info"}
{"url": "https://www.rcrwireless.com/feed", "event": "httpx_success", "timestamp": "2026-01-10T15:58:58.492375Z", "level": "info"}
{"source": "RCR Wireless", "method": "httpx", "entries": 10, "event": "fetch_success", "timestamp": "2026-01-10T15:58:58.501722Z", "level": "info"}
âœ“ RCR Wireless: 10 total entries fetched (via httpx)
{"url": "https://www.nextgalliance.org/feed/", "event": "httpx_success", "timestamp": "2026-01-10T15:58:58.763271Z", "level": "info"}
{"source": "Next G Alliance", "method": "httpx", "entries": 10, "event": "fetch_success", "timestamp": "2026-01-10T15:58:58.813862Z", "level": "info"}
âœ“ Next G Alliance: 10 total entries fetched (via httpx)
{"url": "https://smart-networks.europa.eu/feed/", "event": "httpx_success", "timestamp": "2026-01-10T15:58:59.460023Z", "level": "info"}
{"source": "SNS JU", "method": "httpx", "entries": 10, "event": "fetch_success", "timestamp": "2026-01-10T15:58:59.517628Z", "level": "info"}
âœ“ SNS JU: 10 total entries fetched (via httpx)
{"url": "https://www.mobileworldlive.com/feed/", "event": "httpx_success", "timestamp": "2026-01-10T15:58:59.609485Z", "level": "info"}
{"source": "Mobile World Live", "method": "httpx", "entries": 30, "event": "fetch_success", "timestamp": "2026-01-10T15:58:59.667538Z", "level": "info"}
âœ“ Mobile World Live: 30 total entries fetched (via httpx)
{"msg": "MCP server initialization timed out after 20 seconds", "timeout_seconds": 20, "event": "mcp_timeout", "timestamp": "2026-01-10T15:59:12.473247Z", "level": "error"}
{"event": "standards_fetch_started", "timestamp": "2026-01-10T15:59:12.473383Z", "level": "info"}
{"url": "https://www.3gpp.org/ftp/Information/WORK_PLAN/TSG_Status_Report.xlsx", "event": "fetching_work_plan", "timestamp": "2026-01-10T15:59:12.473538Z", "level": "info"}
npm notice
npm notice New major version of npm available! 10.8.2 -> 11.7.0
npm notice Changelog: https://github.com/npm/cli/releases/tag/v11.7.0
npm notice To update run: npm install -g npm@11.7.0
npm notice
Task exception was never retrieved
future: <Task finished name='Task-23' coro=<<async_generator_athrow without __name__>()> exception=RuntimeError('Attempted to exit cancel scope in a different task than it was entered in')>
  + Exception Group Traceback (most recent call last):
  |   File "/opt/hostedtoolcache/Python/3.13.11/x64/lib/python3.13/site-packages/anyio/_backends/_asyncio.py", line 783, in __aexit__
  |     raise BaseExceptionGroup(
  |         "unhandled errors in a TaskGroup", self._exceptions
  |     ) from None
  | BaseExceptionGroup: unhandled errors in a TaskGroup (2 sub-exceptions)
  +-+---------------- 1 ----------------
    | Traceback (most recent call last):
    |   File "/opt/hostedtoolcache/Python/3.13.11/x64/lib/python3.13/site-packages/mcp/client/stdio/__init__.py", line 160, in stdout_reader
    |     await read_stream_writer.send(session_message)
    |   File "/opt/hostedtoolcache/Python/3.13.11/x64/lib/python3.13/site-packages/anyio/streams/memory.py", line 262, in send
    |     raise BrokenResourceError from None
    | anyio.BrokenResourceError
    +---------------- 2 ----------------
    | Traceback (most recent call last):
    |   File "/opt/hostedtoolcache/Python/3.13.11/x64/lib/python3.13/site-packages/mcp/client/stdio/__init__.py", line 187, in stdio_client
    |     yield read_stream, write_stream
    | GeneratorExit
    +------------------------------------

During handling of the above exception, another exception occurred:

Traceback (most recent call last):
  File "/opt/hostedtoolcache/Python/3.13.11/x64/lib/python3.13/site-packages/mcp/client/stdio/__init__.py", line 181, in stdio_client
    anyio.create_task_group() as tg,
    ~~~~~~~~~~~~~~~~~~~~~~~^^
  File "/opt/hostedtoolcache/Python/3.13.11/x64/lib/python3.13/site-packages/anyio/_backends/_asyncio.py", line 789, in __aexit__
    if self.cancel_scope.__exit__(type(exc), exc, exc.__traceback__):
       ~~~~~~~~~~~~~~~~~~~~~~~~~~^^^^^^^^^^^^^^^^^^^^^^^^^^^^^^^^^^^
  File "/opt/hostedtoolcache/Python/3.13.11/x64/lib/python3.13/site-packages/anyio/_backends/_asyncio.py", line 461, in __exit__
    raise RuntimeError(
    ...<2 lines>...
    )
RuntimeError: Attempted to exit cancel scope in a different task than it was entered in
{"url": "https://www.mdpi.com/rss", "event": "playwright_blocked_detected", "timestamp": "2026-01-10T15:59:12.995279Z", "level": "warning"}
{"url": "https://www.mdpi.com/rss", "event": "playwright_fallback_failed", "timestamp": "2026-01-10T15:59:12.998738Z", "level": "error"}
{"source": "MDPI Engineering", "status_code": 403, "error": "Bot detection triggered", "method": "playwright", "event": "fetch_failed", "timestamp": "2026-01-10T15:59:12.998808Z", "level": "error"}
âœ— MDPI Engineering: Failed to fetch
{"event": "extracted_xml_from_html_wrapper", "timestamp": "2026-01-10T15:59:13.718890Z", "level": "info"}
{"url": "https://www.thalesgroup.com/en/rss.xml", "content_length": 187512, "event": "playwright_fetch_success", "timestamp": "2026-01-10T15:59:13.718966Z", "level": "info"}
{"source": "Thales", "method": "playwright", "entries": 10, "event": "fetch_success", "timestamp": "2026-01-10T15:59:13.814887Z", "level": "info"}
âœ“ Thales: 10 total entries fetched (via playwright)
{"url": "https://www.ericsson.com/en/blog/rss", "event": "playwright_blocked_detected", "timestamp": "2026-01-10T15:59:14.944412Z", "level": "warning"}
{"url": "https://www.ericsson.com/en/blog/rss", "event": "playwright_fallback_failed", "timestamp": "2026-01-10T15:59:14.951323Z", "level": "error"}
{"source": "Ericsson", "status_code": 403, "error": "Bot detection triggered", "method": "playwright", "event": "fetch_failed", "timestamp": "2026-01-10T15:59:14.951404Z", "level": "error"}
âœ— Ericsson: Failed to fetch
{"error": "", "event": "standards_fetch_failed", "timestamp": "2026-01-10T15:59:14.951594Z", "level": "warning"}

ğŸ“­ Nokia: No new keyword-matching updates this cycle.

ğŸ“­ Thales: No new keyword-matching updates this cycle.

  âœ¨ Generating AI insights for: Video Friday: Robots Are Everywhere at CES 2026...
ğŸ” IEEE Spectrum: 1 new relevant updates found.
  â€¢ [3] Video Friday: Robots Are Everywhere at CES 2026
    https://spectrum.ieee.org/robots-ces-2026

ğŸ“­ Next G Alliance: No new keyword-matching updates this cycle.

ğŸ“­ SNS JU: No new keyword-matching updates this cycle.

ğŸ“­ 6GWorld: No new keyword-matching updates this cycle.

ğŸ“­ RCR Wireless: No new keyword-matching updates this cycle.

ğŸ“­ Fierce Wireless: No new keyword-matching updates this cycle.

  âœ¨ Generating AI insights for: UK regulator outlines upper 6GHz proposal...
ğŸ” Mobile World Live: 1 new relevant updates found.
  â€¢ [3] UK regulator outlines upper 6GHz proposal
    https://www.mobileworldlive.com/europe/uk-regulator-outlines-upper-6ghz-proposal/

ğŸ“­ ZDNet 5G: No new keyword-matching updates this cycle.

ğŸ“Š JSON data exported to latest_digest.json
ğŸŒ Weighted Sourceâ†’Target matrix updated.
ğŸ“ˆ Region-specific momentum aggregated for 2 region-quarter windows.
âœ… 6G Sentinel completed its sweep.
ğŸ“Š Total new articles processed: 2
ğŸ’¾ Cache updated with 12 unique articles.
ğŸ”® The future is still under construction.
{"event": "playwright_browser_closed", "timestamp": "2026-01-10T15:59:32.462819Z", "level": "info"}
